[2020-06-19 10:08:53] DEBUG: Log4jTest.java:15 - 디버그!!kr.or.test.MemberVO@7106e68e
[2020-06-19 10:08:53] INFO : Log4jTest.java:16 - 인포!!
[2020-06-19 10:08:53] WARN : Log4jTest.java:17 - 워닝!!
[2020-06-19 10:08:53] ERROR: Log4jTest.java:18 - 에러!!
[2020-06-19 10:08:53] FATAL: Log4jTest.java:19 - 파탈!!
[2020-06-19 10:11:29] DEBUG: Log4jTest.java:15 - 디버그!!kr.or.test.MemberVO@7106e68e
[2020-06-19 10:11:29] INFO : Log4jTest.java:16 - 인포!!
[2020-06-19 10:11:29] WARN : Log4jTest.java:17 - 워닝!!
[2020-06-19 10:11:29] ERROR: Log4jTest.java:18 - 에러!!
[2020-06-19 10:11:29] FATAL: Log4jTest.java:19 - 파탈!!
[2020-06-19 10:15:05] DEBUG: Log4jTest.java:15 - 디버그!!kr.or.test.MemberVO@7106e68e
[2020-06-19 10:15:05] INFO : Log4jTest.java:16 - 인포!!
[2020-06-19 10:15:05] WARN : Log4jTest.java:17 - 워닝!!
[2020-06-19 10:15:05] ERROR: Log4jTest.java:18 - 에러!!
[2020-06-19 10:15:05] FATAL: Log4jTest.java:19 - 파탈!!
[2020-06-19 10:20:11] DEBUG: Log4jTest.java:15 - 디버그!!kr.or.test.MemberVO@7106e68e
[2020-06-19 10:20:11] INFO : Log4jTest.java:16 - 인포!!
[2020-06-19 10:20:11] WARN : Log4jTest.java:17 - 워닝!!
[2020-06-19 10:20:11] ERROR: Log4jTest.java:18 - 에러!!
[2020-06-19 10:20:11] FATAL: Log4jTest.java:19 - 파탈!!
[2020-06-19 10:33:16] DEBUG: Log4jTest.java:15 - 디버그!!kr.or.test.MemberVO@7106e68e
[2020-06-19 10:33:16] INFO : Log4jTest.java:16 - 인포!!
[2020-06-19 10:33:16] WARN : Log4jTest.java:17 - 워닝!!
[2020-06-19 10:33:16] ERROR: Log4jTest.java:18 - 에러!!
[2020-06-19 10:33:16] FATAL: Log4jTest.java:19 - 파탈!!
[2020-06-19 10:33:34] DEBUG: Log4jTest.java:15 - 디버그!!kr.or.test.MemberVO@7106e68e
[2020-06-19 10:33:34] INFO : Log4jTest.java:16 - 인포!!
[2020-06-19 10:33:34] WARN : Log4jTest.java:17 - 워닝!!
[2020-06-19 10:33:34] ERROR: Log4jTest.java:18 - 에러!!
[2020-06-19 10:33:34] FATAL: Log4jTest.java:19 - 파탈!!
[2020-06-19 10:34:11] DEBUG: Log4jTest.java:15 - 디버그!!kr.or.test.MemberVO@7106e68e
[2020-06-19 10:34:11] INFO : Log4jTest.java:16 - 인포!!
[2020-06-19 10:34:11] WARN : Log4jTest.java:17 - 워닝!!
[2020-06-19 10:34:11] ERROR: Log4jTest.java:18 - 에러!!
[2020-06-19 10:34:11] FATAL: Log4jTest.java:19 - 파탈!!
[2020-06-19 10:36:36.662]       DEBUG Log4jTest.test(Log4jTest.java:15) - 디버그!!kr.or.test.MemberVO@7106e68e
[2020-06-19 10:36:36.678]       INFO  Log4jTest.test(Log4jTest.java:16) - 인포!!
[2020-06-19 10:36:36.678]       WARN  Log4jTest.test(Log4jTest.java:17) - 워닝!!
[2020-06-19 10:36:36.678]       ERROR Log4jTest.test(Log4jTest.java:18) - 에러!!
[2020-06-19 10:36:36.678]       FATAL Log4jTest.test(Log4jTest.java:19) - 파탈!!
[2020-06-19 10:37:25] DEBUG: Log4jTest.java:15 - 디버그!!kr.or.test.MemberVO@7106e68e
[2020-06-19 10:37:25] INFO : Log4jTest.java:16 - 인포!!
[2020-06-19 10:37:25] WARN : Log4jTest.java:17 - 워닝!!
[2020-06-19 10:37:25] ERROR: Log4jTest.java:18 - 에러!!
[2020-06-19 10:37:25] FATAL: Log4jTest.java:19 - 파탈!!
[2020-06-19 11:06:38] DEBUG: Log4jTest.java:15 - 디버그!!kr.or.test.MemberVO@7106e68e
[2020-06-19 11:06:38] INFO : Log4jTest.java:16 - 인포!!
[2020-06-19 11:06:38] WARN : Log4jTest.java:17 - 워닝!!
[2020-06-19 11:06:38] ERROR: Log4jTest.java:18 - 에러!!
[2020-06-19 11:06:38] FATAL: Log4jTest.java:19 - 파탈!!
[2020-06-19 11:12:48] DEBUG: Log4jTest.java:15 - 디버그!!MemberVO [name=홍길동, age=24, phoneNum=null]
[2020-06-19 11:12:48] INFO : Log4jTest.java:16 - 인포!!
[2020-06-19 11:12:48] WARN : Log4jTest.java:17 - 워닝!!
[2020-06-19 11:12:48] ERROR: Log4jTest.java:18 - 에러!!
[2020-06-19 11:12:48] FATAL: Log4jTest.java:19 - 파탈!!
[2020-06-19 11:31:46] INFO : Log4jTest.java:23 - test라는 메서드를 사용한 PC의 아이피는:192.168.56.1
[2020-06-19 11:31:46] DEBUG: Log4jTest.java:30 - 디버그!!MemberVO [name=홍길동, age=24, phoneNum=null]
[2020-06-19 11:31:46] INFO : Log4jTest.java:31 - 인포!!
[2020-06-19 11:31:46] WARN : Log4jTest.java:32 - 워닝!!
[2020-06-19 11:31:46] ERROR: Log4jTest.java:33 - 에러!!
[2020-06-19 11:31:46] FATAL: Log4jTest.java:34 - 파탈!!
[2020-06-19 16:38:15] DEBUG: SpringJUnit4ClassRunner.java:140 - SpringJUnit4ClassRunner constructor called with [class org.edu.test.DataSourceTest]
[2020-06-19 16:38:15] DEBUG: BootstrapUtils.java:95 - Instantiating CacheAwareContextLoaderDelegate from class [org.springframework.test.context.cache.DefaultCacheAwareContextLoaderDelegate]
[2020-06-19 16:38:15] DEBUG: BootstrapUtils.java:78 - Instantiating BootstrapContext using constructor [public org.springframework.test.context.support.DefaultBootstrapContext(java.lang.Class,org.springframework.test.context.CacheAwareContextLoaderDelegate)]
[2020-06-19 16:38:15] DEBUG: BootstrapUtils.java:131 - Instantiating TestContextBootstrapper for test class [org.edu.test.DataSourceTest] from class [org.springframework.test.context.web.WebTestContextBootstrapper]
[2020-06-19 16:38:15] DEBUG: AbstractDelegatingSmartContextLoader.java:269 - Delegating to GenericXmlWebContextLoader to process context configuration [ContextConfigurationAttributes@6fadae5d declaringClass = 'org.edu.test.DataSourceTest', classes = '{}', locations = '{file:src/main/webapp/WEB-INF/spring/**/*.xml}', inheritLocations = true, initializers = '{}', inheritInitializers = true, name = [null], contextLoaderClass = 'org.springframework.test.context.ContextLoader'].
[2020-06-19 16:38:15] DEBUG: ActiveProfilesUtils.java:78 - Could not find an 'annotation declaring class' for annotation type [org.springframework.test.context.ActiveProfiles] and class [org.edu.test.DataSourceTest]
[2020-06-19 16:38:15] DEBUG: AbstractTestContextBootstrapper.java:122 - @TestExecutionListeners is not present for class [org.edu.test.DataSourceTest]: using defaults.
[2020-06-19 16:38:15] INFO : AbstractTestContextBootstrapper.java:248 - Loaded default TestExecutionListener class names from location [META-INF/spring.factories]: [org.springframework.test.context.web.ServletTestExecutionListener, org.springframework.test.context.support.DirtiesContextBeforeModesTestExecutionListener, org.springframework.test.context.support.DependencyInjectionTestExecutionListener, org.springframework.test.context.support.DirtiesContextTestExecutionListener, org.springframework.test.context.transaction.TransactionalTestExecutionListener, org.springframework.test.context.jdbc.SqlScriptsTestExecutionListener]
[2020-06-19 16:38:15] INFO : AbstractTestContextBootstrapper.java:174 - Using TestExecutionListeners: [org.springframework.test.context.web.ServletTestExecutionListener@215be6bb, org.springframework.test.context.support.DirtiesContextBeforeModesTestExecutionListener@4439f31e, org.springframework.test.context.support.DependencyInjectionTestExecutionListener@5dfcfece, org.springframework.test.context.support.DirtiesContextTestExecutionListener@23ceabc1, org.springframework.test.context.transaction.TransactionalTestExecutionListener@5d5eef3d, org.springframework.test.context.jdbc.SqlScriptsTestExecutionListener@56f4468b]
[2020-06-19 16:38:15] DEBUG: ProfileValueUtils.java:68 - Retrieved @ProfileValueSourceConfiguration [null] for test class [org.edu.test.DataSourceTest]
[2020-06-19 16:38:15] DEBUG: ProfileValueUtils.java:80 - Retrieved ProfileValueSource type [class org.springframework.test.annotation.SystemProfileValueSource] for class [org.edu.test.DataSourceTest]
[2020-06-19 16:38:15] DEBUG: ProfileValueUtils.java:68 - Retrieved @ProfileValueSourceConfiguration [null] for test class [org.edu.test.DataSourceTest]
[2020-06-19 16:38:15] DEBUG: ProfileValueUtils.java:80 - Retrieved ProfileValueSource type [class org.springframework.test.annotation.SystemProfileValueSource] for class [org.edu.test.DataSourceTest]
[2020-06-19 16:38:15] DEBUG: ProfileValueUtils.java:68 - Retrieved @ProfileValueSourceConfiguration [null] for test class [org.edu.test.DataSourceTest]
[2020-06-19 16:38:15] DEBUG: ProfileValueUtils.java:80 - Retrieved ProfileValueSource type [class org.springframework.test.annotation.SystemProfileValueSource] for class [org.edu.test.DataSourceTest]
[2020-06-19 16:38:15] DEBUG: ProfileValueUtils.java:68 - Retrieved @ProfileValueSourceConfiguration [null] for test class [org.edu.test.DataSourceTest]
[2020-06-19 16:38:15] DEBUG: ProfileValueUtils.java:80 - Retrieved ProfileValueSource type [class org.springframework.test.annotation.SystemProfileValueSource] for class [org.edu.test.DataSourceTest]
[2020-06-19 16:38:15] DEBUG: AbstractDirtiesContextTestExecutionListener.java:141 - Before test class: context [DefaultTestContext@475530b9 testClass = DataSourceTest, testInstance = [null], testMethod = [null], testException = [null], mergedContextConfiguration = [WebMergedContextConfiguration@1d057a39 testClass = DataSourceTest, locations = '{file:src/main/webapp/WEB-INF/spring/**/*.xml}', classes = '{}', contextInitializerClasses = '[]', activeProfiles = '{}', propertySourceLocations = '{}', propertySourceProperties = '{}', contextCustomizers = set[[empty]], resourceBasePath = 'src/main/webapp', contextLoader = 'org.springframework.test.context.web.WebDelegatingSmartContextLoader', parent = [null]]], class annotated with @DirtiesContext [false] with mode [null].
[2020-06-19 16:38:15] DEBUG: ProfileValueUtils.java:68 - Retrieved @ProfileValueSourceConfiguration [null] for test class [org.edu.test.DataSourceTest]
[2020-06-19 16:38:15] DEBUG: ProfileValueUtils.java:80 - Retrieved ProfileValueSource type [class org.springframework.test.annotation.SystemProfileValueSource] for class [org.edu.test.DataSourceTest]
[2020-06-19 16:38:15] DEBUG: AbstractDelegatingSmartContextLoader.java:279 - Delegating to GenericXmlWebContextLoader to load context from [WebMergedContextConfiguration@1d057a39 testClass = DataSourceTest, locations = '{file:src/main/webapp/WEB-INF/spring/**/*.xml}', classes = '{}', contextInitializerClasses = '[]', activeProfiles = '{}', propertySourceLocations = '{}', propertySourceProperties = '{}', contextCustomizers = set[[empty]], resourceBasePath = 'src/main/webapp', contextLoader = 'org.springframework.test.context.web.WebDelegatingSmartContextLoader', parent = [null]].
[2020-06-19 16:38:15] DEBUG: AbstractGenericWebContextLoader.java:112 - Loading WebApplicationContext for merged context configuration [WebMergedContextConfiguration@1d057a39 testClass = DataSourceTest, locations = '{file:src/main/webapp/WEB-INF/spring/**/*.xml}', classes = '{}', contextInitializerClasses = '[]', activeProfiles = '{}', propertySourceLocations = '{}', propertySourceProperties = '{}', contextCustomizers = set[[empty]], resourceBasePath = 'src/main/webapp', contextLoader = 'org.springframework.test.context.web.WebDelegatingSmartContextLoader', parent = [null]].
[2020-06-19 16:38:15] INFO : XmlBeanDefinitionReader.java:317 - Loading XML bean definitions from file [C:\egov\workspace\simon\src\main\webapp\WEB-INF\spring\appServlet\servlet-context.xml]
[2020-06-19 16:38:28] WARN : SimpleSaxErrorHandler.java:48 - Ignored XML validation warning
org.xml.sax.SAXParseException; lineNumber: 8; columnNumber: 117; schema_reference.4: 스키마 문서 'https://www.springframework.org/schema/beans/spring-beans.xsd' 읽기를 실패했습니다. 원인: 1) 문서를 찾을 수 없습니다. 2) 문서를 읽을 수 없습니다. 3) 문서의 루트 요소가 <xsd:schema>가 아닙니다.
	at com.sun.org.apache.xerces.internal.util.ErrorHandlerWrapper.createSAXParseException(ErrorHandlerWrapper.java:203)
	at com.sun.org.apache.xerces.internal.util.ErrorHandlerWrapper.warning(ErrorHandlerWrapper.java:99)
	at com.sun.org.apache.xerces.internal.impl.XMLErrorReporter.reportError(XMLErrorReporter.java:392)
	at com.sun.org.apache.xerces.internal.impl.XMLErrorReporter.reportError(XMLErrorReporter.java:306)
	at com.sun.org.apache.xerces.internal.impl.xs.traversers.XSDHandler.reportSchemaErr(XSDHandler.java:4158)
	at com.sun.org.apache.xerces.internal.impl.xs.traversers.XSDHandler.reportSchemaWarning(XSDHandler.java:4149)
	at com.sun.org.apache.xerces.internal.impl.xs.traversers.XSDHandler.getSchemaDocument1(XSDHandler.java:2491)
	at com.sun.org.apache.xerces.internal.impl.xs.traversers.XSDHandler.getSchemaDocument(XSDHandler.java:2193)
	at com.sun.org.apache.xerces.internal.impl.xs.traversers.XSDHandler.parseSchema(XSDHandler.java:578)
	at com.sun.org.apache.xerces.internal.impl.xs.XMLSchemaLoader.loadSchema(XMLSchemaLoader.java:610)
	at com.sun.org.apache.xerces.internal.impl.xs.XMLSchemaValidator.findSchemaGrammar(XMLSchemaValidator.java:2447)
	at com.sun.org.apache.xerces.internal.impl.xs.XMLSchemaValidator.handleStartElement(XMLSchemaValidator.java:1768)
	at com.sun.org.apache.xerces.internal.impl.xs.XMLSchemaValidator.startElement(XMLSchemaValidator.java:741)
	at com.sun.org.apache.xerces.internal.impl.XMLNSDocumentScannerImpl.scanStartElement(XMLNSDocumentScannerImpl.java:374)
	at com.sun.org.apache.xerces.internal.impl.XMLNSDocumentScannerImpl$NSContentDriver.scanRootElementHook(XMLNSDocumentScannerImpl.java:613)
	at com.sun.org.apache.xerces.internal.impl.XMLDocumentFragmentScannerImpl$FragmentContentDriver.next(XMLDocumentFragmentScannerImpl.java:3132)
	at com.sun.org.apache.xerces.internal.impl.XMLDocumentScannerImpl$PrologDriver.next(XMLDocumentScannerImpl.java:852)
	at com.sun.org.apache.xerces.internal.impl.XMLDocumentScannerImpl.next(XMLDocumentScannerImpl.java:602)
	at com.sun.org.apache.xerces.internal.impl.XMLNSDocumentScannerImpl.next(XMLNSDocumentScannerImpl.java:112)
	at com.sun.org.apache.xerces.internal.impl.XMLDocumentFragmentScannerImpl.scanDocument(XMLDocumentFragmentScannerImpl.java:505)
	at com.sun.org.apache.xerces.internal.parsers.XML11Configuration.parse(XML11Configuration.java:842)
	at com.sun.org.apache.xerces.internal.parsers.XML11Configuration.parse(XML11Configuration.java:771)
	at com.sun.org.apache.xerces.internal.parsers.XMLParser.parse(XMLParser.java:141)
	at com.sun.org.apache.xerces.internal.parsers.DOMParser.parse(DOMParser.java:243)
	at com.sun.org.apache.xerces.internal.jaxp.DocumentBuilderImpl.parse(DocumentBuilderImpl.java:339)
	at org.springframework.beans.factory.xml.DefaultDocumentLoader.loadDocument(DefaultDocumentLoader.java:76)
	at org.springframework.beans.factory.xml.XmlBeanDefinitionReader.doLoadDocument(XmlBeanDefinitionReader.java:429)
	at org.springframework.beans.factory.xml.XmlBeanDefinitionReader.doLoadBeanDefinitions(XmlBeanDefinitionReader.java:391)
	at org.springframework.beans.factory.xml.XmlBeanDefinitionReader.loadBeanDefinitions(XmlBeanDefinitionReader.java:336)
	at org.springframework.beans.factory.xml.XmlBeanDefinitionReader.loadBeanDefinitions(XmlBeanDefinitionReader.java:304)
	at org.springframework.beans.factory.support.AbstractBeanDefinitionReader.loadBeanDefinitions(AbstractBeanDefinitionReader.java:181)
	at org.springframework.beans.factory.support.AbstractBeanDefinitionReader.loadBeanDefinitions(AbstractBeanDefinitionReader.java:217)
	at org.springframework.beans.factory.support.AbstractBeanDefinitionReader.loadBeanDefinitions(AbstractBeanDefinitionReader.java:188)
	at org.springframework.beans.factory.support.AbstractBeanDefinitionReader.loadBeanDefinitions(AbstractBeanDefinitionReader.java:252)
	at org.springframework.test.context.web.GenericXmlWebContextLoader.loadBeanDefinitions(GenericXmlWebContextLoader.java:47)
	at org.springframework.test.context.web.AbstractGenericWebContextLoader.loadContext(AbstractGenericWebContextLoader.java:127)
	at org.springframework.test.context.web.AbstractGenericWebContextLoader.loadContext(AbstractGenericWebContextLoader.java:61)
	at org.springframework.test.context.support.AbstractDelegatingSmartContextLoader.delegateLoading(AbstractDelegatingSmartContextLoader.java:281)
	at org.springframework.test.context.support.AbstractDelegatingSmartContextLoader.loadContext(AbstractDelegatingSmartContextLoader.java:249)
	at org.springframework.test.context.cache.DefaultCacheAwareContextLoaderDelegate.loadContextInternal(DefaultCacheAwareContextLoaderDelegate.java:98)
	at org.springframework.test.context.cache.DefaultCacheAwareContextLoaderDelegate.loadContext(DefaultCacheAwareContextLoaderDelegate.java:116)
	at org.springframework.test.context.support.DefaultTestContext.getApplicationContext(DefaultTestContext.java:83)
	at org.springframework.test.context.web.ServletTestExecutionListener.setUpRequestContextIfNecessary(ServletTestExecutionListener.java:189)
	at org.springframework.test.context.web.ServletTestExecutionListener.prepareTestInstance(ServletTestExecutionListener.java:131)
	at org.springframework.test.context.TestContextManager.prepareTestInstance(TestContextManager.java:230)
	at org.springframework.test.context.junit4.SpringJUnit4ClassRunner.createTest(SpringJUnit4ClassRunner.java:228)
	at org.springframework.test.context.junit4.SpringJUnit4ClassRunner$1.runReflectiveCall(SpringJUnit4ClassRunner.java:287)
	at org.junit.internal.runners.model.ReflectiveCallable.run(ReflectiveCallable.java:12)
	at org.springframework.test.context.junit4.SpringJUnit4ClassRunner.methodBlock(SpringJUnit4ClassRunner.java:289)
	at org.springframework.test.context.junit4.SpringJUnit4ClassRunner.runChild(SpringJUnit4ClassRunner.java:247)
	at org.springframework.test.context.junit4.SpringJUnit4ClassRunner.runChild(SpringJUnit4ClassRunner.java:94)
	at org.junit.runners.ParentRunner$3.run(ParentRunner.java:290)
	at org.junit.runners.ParentRunner$1.schedule(ParentRunner.java:71)
	at org.junit.runners.ParentRunner.runChildren(ParentRunner.java:288)
	at org.junit.runners.ParentRunner.access$000(ParentRunner.java:58)
	at org.junit.runners.ParentRunner$2.evaluate(ParentRunner.java:268)
	at org.springframework.test.context.junit4.statements.RunBeforeTestClassCallbacks.evaluate(RunBeforeTestClassCallbacks.java:61)
	at org.springframework.test.context.junit4.statements.RunAfterTestClassCallbacks.evaluate(RunAfterTestClassCallbacks.java:70)
	at org.junit.runners.ParentRunner.run(ParentRunner.java:363)
	at org.springframework.test.context.junit4.SpringJUnit4ClassRunner.run(SpringJUnit4ClassRunner.java:191)
	at org.eclipse.jdt.internal.junit4.runner.JUnit4TestReference.run(JUnit4TestReference.java:86)
	at org.eclipse.jdt.internal.junit.runner.TestExecution.run(TestExecution.java:38)
	at org.eclipse.jdt.internal.junit.runner.RemoteTestRunner.runTests(RemoteTestRunner.java:538)
	at org.eclipse.jdt.internal.junit.runner.RemoteTestRunner.runTests(RemoteTestRunner.java:760)
	at org.eclipse.jdt.internal.junit.runner.RemoteTestRunner.run(RemoteTestRunner.java:460)
	at org.eclipse.jdt.internal.junit.runner.RemoteTestRunner.main(RemoteTestRunner.java:206)
Caused by: java.net.UnknownHostException: www.springframework.org
	at java.net.AbstractPlainSocketImpl.connect(AbstractPlainSocketImpl.java:184)
	at java.net.PlainSocketImpl.connect(PlainSocketImpl.java:172)
	at java.net.SocksSocketImpl.connect(SocksSocketImpl.java:392)
	at java.net.Socket.connect(Socket.java:589)
	at sun.security.ssl.SSLSocketImpl.connect(SSLSocketImpl.java:666)
	at sun.security.ssl.BaseSSLSocketImpl.connect(BaseSSLSocketImpl.java:173)
	at sun.net.NetworkClient.doConnect(NetworkClient.java:180)
	at sun.net.www.http.HttpClient.openServer(HttpClient.java:463)
	at sun.net.www.http.HttpClient.openServer(HttpClient.java:558)
	at sun.net.www.protocol.https.HttpsClient.<init>(HttpsClient.java:264)
	at sun.net.www.protocol.https.HttpsClient.New(HttpsClient.java:367)
	at sun.net.www.protocol.https.AbstractDelegateHttpsURLConnection.getNewHttpClient(AbstractDelegateHttpsURLConnection.java:191)
	at sun.net.www.protocol.http.HttpURLConnection.plainConnect0(HttpURLConnection.java:1156)
	at sun.net.www.protocol.http.HttpURLConnection.plainConnect(HttpURLConnection.java:1050)
	at sun.net.www.protocol.https.AbstractDelegateHttpsURLConnection.connect(AbstractDelegateHttpsURLConnection.java:177)
	at sun.net.www.protocol.http.HttpURLConnection.getInputStream0(HttpURLConnection.java:1564)
	at sun.net.www.protocol.http.HttpURLConnection.getInputStream(HttpURLConnection.java:1492)
	at sun.net.www.protocol.https.HttpsURLConnectionImpl.getInputStream(HttpsURLConnectionImpl.java:263)
	at com.sun.org.apache.xerces.internal.impl.XMLEntityManager.setupCurrentEntity(XMLEntityManager.java:647)
	at com.sun.org.apache.xerces.internal.impl.XMLVersionDetector.determineDocVersion(XMLVersionDetector.java:148)
	at com.sun.org.apache.xerces.internal.impl.xs.opti.SchemaParsingConfig.parse(SchemaParsingConfig.java:583)
	at com.sun.org.apache.xerces.internal.impl.xs.opti.SchemaParsingConfig.parse(SchemaParsingConfig.java:686)
	at com.sun.org.apache.xerces.internal.impl.xs.opti.SchemaDOMParser.parse(SchemaDOMParser.java:530)
	at com.sun.org.apache.xerces.internal.impl.xs.traversers.XSDHandler.getSchemaDocument(XSDHandler.java:2181)
	... 58 more
[2020-06-19 16:38:28] ERROR: TestContextManager.java:234 - Caught exception while allowing TestExecutionListener [org.springframework.test.context.web.ServletTestExecutionListener@215be6bb] to prepare test instance [org.edu.test.DataSourceTest@1068e947]
java.lang.IllegalStateException: Failed to load ApplicationContext
	at org.springframework.test.context.cache.DefaultCacheAwareContextLoaderDelegate.loadContext(DefaultCacheAwareContextLoaderDelegate.java:124)
	at org.springframework.test.context.support.DefaultTestContext.getApplicationContext(DefaultTestContext.java:83)
	at org.springframework.test.context.web.ServletTestExecutionListener.setUpRequestContextIfNecessary(ServletTestExecutionListener.java:189)
	at org.springframework.test.context.web.ServletTestExecutionListener.prepareTestInstance(ServletTestExecutionListener.java:131)
	at org.springframework.test.context.TestContextManager.prepareTestInstance(TestContextManager.java:230)
	at org.springframework.test.context.junit4.SpringJUnit4ClassRunner.createTest(SpringJUnit4ClassRunner.java:228)
	at org.springframework.test.context.junit4.SpringJUnit4ClassRunner$1.runReflectiveCall(SpringJUnit4ClassRunner.java:287)
	at org.junit.internal.runners.model.ReflectiveCallable.run(ReflectiveCallable.java:12)
	at org.springframework.test.context.junit4.SpringJUnit4ClassRunner.methodBlock(SpringJUnit4ClassRunner.java:289)
	at org.springframework.test.context.junit4.SpringJUnit4ClassRunner.runChild(SpringJUnit4ClassRunner.java:247)
	at org.springframework.test.context.junit4.SpringJUnit4ClassRunner.runChild(SpringJUnit4ClassRunner.java:94)
	at org.junit.runners.ParentRunner$3.run(ParentRunner.java:290)
	at org.junit.runners.ParentRunner$1.schedule(ParentRunner.java:71)
	at org.junit.runners.ParentRunner.runChildren(ParentRunner.java:288)
	at org.junit.runners.ParentRunner.access$000(ParentRunner.java:58)
	at org.junit.runners.ParentRunner$2.evaluate(ParentRunner.java:268)
	at org.springframework.test.context.junit4.statements.RunBeforeTestClassCallbacks.evaluate(RunBeforeTestClassCallbacks.java:61)
	at org.springframework.test.context.junit4.statements.RunAfterTestClassCallbacks.evaluate(RunAfterTestClassCallbacks.java:70)
	at org.junit.runners.ParentRunner.run(ParentRunner.java:363)
	at org.springframework.test.context.junit4.SpringJUnit4ClassRunner.run(SpringJUnit4ClassRunner.java:191)
	at org.eclipse.jdt.internal.junit4.runner.JUnit4TestReference.run(JUnit4TestReference.java:86)
	at org.eclipse.jdt.internal.junit.runner.TestExecution.run(TestExecution.java:38)
	at org.eclipse.jdt.internal.junit.runner.RemoteTestRunner.runTests(RemoteTestRunner.java:538)
	at org.eclipse.jdt.internal.junit.runner.RemoteTestRunner.runTests(RemoteTestRunner.java:760)
	at org.eclipse.jdt.internal.junit.runner.RemoteTestRunner.run(RemoteTestRunner.java:460)
	at org.eclipse.jdt.internal.junit.runner.RemoteTestRunner.main(RemoteTestRunner.java:206)
Caused by: org.springframework.beans.factory.xml.XmlBeanDefinitionStoreException: Line 8 in XML document from file [C:\egov\workspace\simon\src\main\webapp\WEB-INF\spring\appServlet\servlet-context.xml] is invalid; nested exception is org.xml.sax.SAXParseException; lineNumber: 8; columnNumber: 117; cvc-elt.1: 'beans:beans' 요소의 선언을 찾을 수 없습니다.
	at org.springframework.beans.factory.xml.XmlBeanDefinitionReader.doLoadBeanDefinitions(XmlBeanDefinitionReader.java:399)
	at org.springframework.beans.factory.xml.XmlBeanDefinitionReader.loadBeanDefinitions(XmlBeanDefinitionReader.java:336)
	at org.springframework.beans.factory.xml.XmlBeanDefinitionReader.loadBeanDefinitions(XmlBeanDefinitionReader.java:304)
	at org.springframework.beans.factory.support.AbstractBeanDefinitionReader.loadBeanDefinitions(AbstractBeanDefinitionReader.java:181)
	at org.springframework.beans.factory.support.AbstractBeanDefinitionReader.loadBeanDefinitions(AbstractBeanDefinitionReader.java:217)
	at org.springframework.beans.factory.support.AbstractBeanDefinitionReader.loadBeanDefinitions(AbstractBeanDefinitionReader.java:188)
	at org.springframework.beans.factory.support.AbstractBeanDefinitionReader.loadBeanDefinitions(AbstractBeanDefinitionReader.java:252)
	at org.springframework.test.context.web.GenericXmlWebContextLoader.loadBeanDefinitions(GenericXmlWebContextLoader.java:47)
	at org.springframework.test.context.web.AbstractGenericWebContextLoader.loadContext(AbstractGenericWebContextLoader.java:127)
	at org.springframework.test.context.web.AbstractGenericWebContextLoader.loadContext(AbstractGenericWebContextLoader.java:61)
	at org.springframework.test.context.support.AbstractDelegatingSmartContextLoader.delegateLoading(AbstractDelegatingSmartContextLoader.java:281)
	at org.springframework.test.context.support.AbstractDelegatingSmartContextLoader.loadContext(AbstractDelegatingSmartContextLoader.java:249)
	at org.springframework.test.context.cache.DefaultCacheAwareContextLoaderDelegate.loadContextInternal(DefaultCacheAwareContextLoaderDelegate.java:98)
	at org.springframework.test.context.cache.DefaultCacheAwareContextLoaderDelegate.loadContext(DefaultCacheAwareContextLoaderDelegate.java:116)
	... 25 more
Caused by: org.xml.sax.SAXParseException; lineNumber: 8; columnNumber: 117; cvc-elt.1: 'beans:beans' 요소의 선언을 찾을 수 없습니다.
	at com.sun.org.apache.xerces.internal.util.ErrorHandlerWrapper.createSAXParseException(ErrorHandlerWrapper.java:203)
	at com.sun.org.apache.xerces.internal.util.ErrorHandlerWrapper.error(ErrorHandlerWrapper.java:134)
	at com.sun.org.apache.xerces.internal.impl.XMLErrorReporter.reportError(XMLErrorReporter.java:396)
	at com.sun.org.apache.xerces.internal.impl.XMLErrorReporter.reportError(XMLErrorReporter.java:327)
	at com.sun.org.apache.xerces.internal.impl.XMLErrorReporter.reportError(XMLErrorReporter.java:284)
	at com.sun.org.apache.xerces.internal.impl.xs.XMLSchemaValidator.handleStartElement(XMLSchemaValidator.java:1901)
	at com.sun.org.apache.xerces.internal.impl.xs.XMLSchemaValidator.startElement(XMLSchemaValidator.java:741)
	at com.sun.org.apache.xerces.internal.impl.XMLNSDocumentScannerImpl.scanStartElement(XMLNSDocumentScannerImpl.java:374)
	at com.sun.org.apache.xerces.internal.impl.XMLNSDocumentScannerImpl$NSContentDriver.scanRootElementHook(XMLNSDocumentScannerImpl.java:613)
	at com.sun.org.apache.xerces.internal.impl.XMLDocumentFragmentScannerImpl$FragmentContentDriver.next(XMLDocumentFragmentScannerImpl.java:3132)
	at com.sun.org.apache.xerces.internal.impl.XMLDocumentScannerImpl$PrologDriver.next(XMLDocumentScannerImpl.java:852)
	at com.sun.org.apache.xerces.internal.impl.XMLDocumentScannerImpl.next(XMLDocumentScannerImpl.java:602)
	at com.sun.org.apache.xerces.internal.impl.XMLNSDocumentScannerImpl.next(XMLNSDocumentScannerImpl.java:112)
	at com.sun.org.apache.xerces.internal.impl.XMLDocumentFragmentScannerImpl.scanDocument(XMLDocumentFragmentScannerImpl.java:505)
	at com.sun.org.apache.xerces.internal.parsers.XML11Configuration.parse(XML11Configuration.java:842)
	at com.sun.org.apache.xerces.internal.parsers.XML11Configuration.parse(XML11Configuration.java:771)
	at com.sun.org.apache.xerces.internal.parsers.XMLParser.parse(XMLParser.java:141)
	at com.sun.org.apache.xerces.internal.parsers.DOMParser.parse(DOMParser.java:243)
	at com.sun.org.apache.xerces.internal.jaxp.DocumentBuilderImpl.parse(DocumentBuilderImpl.java:339)
	at org.springframework.beans.factory.xml.DefaultDocumentLoader.loadDocument(DefaultDocumentLoader.java:76)
	at org.springframework.beans.factory.xml.XmlBeanDefinitionReader.doLoadDocument(XmlBeanDefinitionReader.java:429)
	at org.springframework.beans.factory.xml.XmlBeanDefinitionReader.doLoadBeanDefinitions(XmlBeanDefinitionReader.java:391)
	... 38 more
[2020-06-19 16:38:28] DEBUG: AbstractDirtiesContextTestExecutionListener.java:141 - After test class: context [DefaultTestContext@475530b9 testClass = DataSourceTest, testInstance = [null], testMethod = [null], testException = [null], mergedContextConfiguration = [WebMergedContextConfiguration@1d057a39 testClass = DataSourceTest, locations = '{file:src/main/webapp/WEB-INF/spring/**/*.xml}', classes = '{}', contextInitializerClasses = '[]', activeProfiles = '{}', propertySourceLocations = '{}', propertySourceProperties = '{}', contextCustomizers = set[[empty]], resourceBasePath = 'src/main/webapp', contextLoader = 'org.springframework.test.context.web.WebDelegatingSmartContextLoader', parent = [null]]], class annotated with @DirtiesContext [false] with mode [null].
[2020-06-19 16:39:02] DEBUG: SpringJUnit4ClassRunner.java:140 - SpringJUnit4ClassRunner constructor called with [class org.edu.test.DataSourceTest]
[2020-06-19 16:39:02] DEBUG: BootstrapUtils.java:95 - Instantiating CacheAwareContextLoaderDelegate from class [org.springframework.test.context.cache.DefaultCacheAwareContextLoaderDelegate]
[2020-06-19 16:39:02] DEBUG: BootstrapUtils.java:78 - Instantiating BootstrapContext using constructor [public org.springframework.test.context.support.DefaultBootstrapContext(java.lang.Class,org.springframework.test.context.CacheAwareContextLoaderDelegate)]
[2020-06-19 16:39:02] DEBUG: BootstrapUtils.java:131 - Instantiating TestContextBootstrapper for test class [org.edu.test.DataSourceTest] from class [org.springframework.test.context.web.WebTestContextBootstrapper]
[2020-06-19 16:39:02] DEBUG: AbstractDelegatingSmartContextLoader.java:269 - Delegating to GenericXmlWebContextLoader to process context configuration [ContextConfigurationAttributes@6fadae5d declaringClass = 'org.edu.test.DataSourceTest', classes = '{}', locations = '{file:src/main/webapp/WEB-INF/spring/**/*.xml}', inheritLocations = true, initializers = '{}', inheritInitializers = true, name = [null], contextLoaderClass = 'org.springframework.test.context.ContextLoader'].
[2020-06-19 16:39:02] DEBUG: ActiveProfilesUtils.java:78 - Could not find an 'annotation declaring class' for annotation type [org.springframework.test.context.ActiveProfiles] and class [org.edu.test.DataSourceTest]
[2020-06-19 16:39:02] DEBUG: AbstractTestContextBootstrapper.java:122 - @TestExecutionListeners is not present for class [org.edu.test.DataSourceTest]: using defaults.
[2020-06-19 16:39:02] INFO : AbstractTestContextBootstrapper.java:248 - Loaded default TestExecutionListener class names from location [META-INF/spring.factories]: [org.springframework.test.context.web.ServletTestExecutionListener, org.springframework.test.context.support.DirtiesContextBeforeModesTestExecutionListener, org.springframework.test.context.support.DependencyInjectionTestExecutionListener, org.springframework.test.context.support.DirtiesContextTestExecutionListener, org.springframework.test.context.transaction.TransactionalTestExecutionListener, org.springframework.test.context.jdbc.SqlScriptsTestExecutionListener]
[2020-06-19 16:39:02] INFO : AbstractTestContextBootstrapper.java:174 - Using TestExecutionListeners: [org.springframework.test.context.web.ServletTestExecutionListener@215be6bb, org.springframework.test.context.support.DirtiesContextBeforeModesTestExecutionListener@4439f31e, org.springframework.test.context.support.DependencyInjectionTestExecutionListener@5dfcfece, org.springframework.test.context.support.DirtiesContextTestExecutionListener@23ceabc1, org.springframework.test.context.transaction.TransactionalTestExecutionListener@5d5eef3d, org.springframework.test.context.jdbc.SqlScriptsTestExecutionListener@56f4468b]
[2020-06-19 16:39:02] DEBUG: ProfileValueUtils.java:68 - Retrieved @ProfileValueSourceConfiguration [null] for test class [org.edu.test.DataSourceTest]
[2020-06-19 16:39:02] DEBUG: ProfileValueUtils.java:80 - Retrieved ProfileValueSource type [class org.springframework.test.annotation.SystemProfileValueSource] for class [org.edu.test.DataSourceTest]
[2020-06-19 16:39:02] DEBUG: ProfileValueUtils.java:68 - Retrieved @ProfileValueSourceConfiguration [null] for test class [org.edu.test.DataSourceTest]
[2020-06-19 16:39:02] DEBUG: ProfileValueUtils.java:80 - Retrieved ProfileValueSource type [class org.springframework.test.annotation.SystemProfileValueSource] for class [org.edu.test.DataSourceTest]
[2020-06-19 16:39:02] DEBUG: ProfileValueUtils.java:68 - Retrieved @ProfileValueSourceConfiguration [null] for test class [org.edu.test.DataSourceTest]
[2020-06-19 16:39:02] DEBUG: ProfileValueUtils.java:80 - Retrieved ProfileValueSource type [class org.springframework.test.annotation.SystemProfileValueSource] for class [org.edu.test.DataSourceTest]
[2020-06-19 16:39:02] DEBUG: ProfileValueUtils.java:68 - Retrieved @ProfileValueSourceConfiguration [null] for test class [org.edu.test.DataSourceTest]
[2020-06-19 16:39:02] DEBUG: ProfileValueUtils.java:80 - Retrieved ProfileValueSource type [class org.springframework.test.annotation.SystemProfileValueSource] for class [org.edu.test.DataSourceTest]
[2020-06-19 16:39:02] DEBUG: AbstractDirtiesContextTestExecutionListener.java:141 - Before test class: context [DefaultTestContext@475530b9 testClass = DataSourceTest, testInstance = [null], testMethod = [null], testException = [null], mergedContextConfiguration = [WebMergedContextConfiguration@1d057a39 testClass = DataSourceTest, locations = '{file:src/main/webapp/WEB-INF/spring/**/*.xml}', classes = '{}', contextInitializerClasses = '[]', activeProfiles = '{}', propertySourceLocations = '{}', propertySourceProperties = '{}', contextCustomizers = set[[empty]], resourceBasePath = 'src/main/webapp', contextLoader = 'org.springframework.test.context.web.WebDelegatingSmartContextLoader', parent = [null]]], class annotated with @DirtiesContext [false] with mode [null].
[2020-06-19 16:39:02] DEBUG: ProfileValueUtils.java:68 - Retrieved @ProfileValueSourceConfiguration [null] for test class [org.edu.test.DataSourceTest]
[2020-06-19 16:39:02] DEBUG: ProfileValueUtils.java:80 - Retrieved ProfileValueSource type [class org.springframework.test.annotation.SystemProfileValueSource] for class [org.edu.test.DataSourceTest]
[2020-06-19 16:39:02] DEBUG: AbstractDelegatingSmartContextLoader.java:279 - Delegating to GenericXmlWebContextLoader to load context from [WebMergedContextConfiguration@1d057a39 testClass = DataSourceTest, locations = '{file:src/main/webapp/WEB-INF/spring/**/*.xml}', classes = '{}', contextInitializerClasses = '[]', activeProfiles = '{}', propertySourceLocations = '{}', propertySourceProperties = '{}', contextCustomizers = set[[empty]], resourceBasePath = 'src/main/webapp', contextLoader = 'org.springframework.test.context.web.WebDelegatingSmartContextLoader', parent = [null]].
[2020-06-19 16:39:02] DEBUG: AbstractGenericWebContextLoader.java:112 - Loading WebApplicationContext for merged context configuration [WebMergedContextConfiguration@1d057a39 testClass = DataSourceTest, locations = '{file:src/main/webapp/WEB-INF/spring/**/*.xml}', classes = '{}', contextInitializerClasses = '[]', activeProfiles = '{}', propertySourceLocations = '{}', propertySourceProperties = '{}', contextCustomizers = set[[empty]], resourceBasePath = 'src/main/webapp', contextLoader = 'org.springframework.test.context.web.WebDelegatingSmartContextLoader', parent = [null]].
[2020-06-19 16:39:02] INFO : XmlBeanDefinitionReader.java:317 - Loading XML bean definitions from file [C:\egov\workspace\simon\src\main\webapp\WEB-INF\spring\appServlet\servlet-context.xml]
[2020-06-19 16:39:04] INFO : XmlBeanDefinitionReader.java:317 - Loading XML bean definitions from file [C:\egov\workspace\simon\src\main\webapp\WEB-INF\spring\root-context.xml]
[2020-06-19 16:39:04] INFO : AbstractApplicationContext.java:583 - Refreshing org.springframework.web.context.support.GenericWebApplicationContext@2f686d1f: startup date [Fri Jun 19 16:39:04 KST 2020]; root of context hierarchy
[2020-06-19 16:39:04] INFO : AutowiredAnnotationBeanPostProcessor.java:155 - JSR-330 'javax.inject.Inject' annotation found and supported for autowiring
[2020-06-19 16:39:04] DEBUG: UiApplicationContextUtils.java:85 - Unable to locate ThemeSource with name 'themeSource': using default [org.springframework.ui.context.support.ResourceBundleThemeSource@72cde7cc]
[2020-06-19 16:39:04] INFO : AbstractHandlerMethodMapping.java:544 - Mapped "{[/],methods=[GET]}" onto public java.lang.String org.edu.controller.HomeController.home(java.util.Locale,org.springframework.ui.Model)
[2020-06-19 16:39:04] INFO : AbstractHandlerMethodMapping.java:544 - Mapped "{[/sample/work],methods=[GET]}" onto public java.lang.String org.edu.controller.HomeController.work(java.util.Locale,org.springframework.ui.Model)
[2020-06-19 16:39:04] INFO : AbstractHandlerMethodMapping.java:544 - Mapped "{[/sample/weare],methods=[GET]}" onto public java.lang.String org.edu.controller.HomeController.weare(java.util.Locale,org.springframework.ui.Model)
[2020-06-19 16:39:04] INFO : AbstractHandlerMethodMapping.java:544 - Mapped "{[/sample/contactus],methods=[GET]}" onto public java.lang.String org.edu.controller.HomeController.contactus(java.util.Locale,org.springframework.ui.Model)
[2020-06-19 16:39:04] INFO : AbstractHandlerMethodMapping.java:544 - Mapped "{[/sample/blog],methods=[GET]}" onto public java.lang.String org.edu.controller.HomeController.blog(java.util.Locale,org.springframework.ui.Model)
[2020-06-19 16:39:04] INFO : AbstractHandlerMethodMapping.java:544 - Mapped "{[/sample/htmltest],methods=[GET]}" onto public java.lang.String org.edu.controller.HomeController.htmltest(java.util.Locale,org.springframework.ui.Model)
[2020-06-19 16:39:04] INFO : AbstractHandlerMethodMapping.java:544 - Mapped "{[/sample/slide],methods=[GET]}" onto public java.lang.String org.edu.controller.HomeController.slide(java.util.Locale,org.springframework.ui.Model)
[2020-06-19 16:39:04] INFO : AbstractHandlerMethodMapping.java:544 - Mapped "{[/sample/],methods=[GET]}" onto public java.lang.String org.edu.controller.HomeController.sample(java.util.Locale,org.springframework.ui.Model)
[2020-06-19 16:39:04] INFO : RequestMappingHandlerAdapter.java:556 - Looking for @ControllerAdvice: org.springframework.web.context.support.GenericWebApplicationContext@2f686d1f: startup date [Fri Jun 19 16:39:04 KST 2020]; root of context hierarchy
[2020-06-19 16:39:04] INFO : RequestMappingHandlerAdapter.java:556 - Looking for @ControllerAdvice: org.springframework.web.context.support.GenericWebApplicationContext@2f686d1f: startup date [Fri Jun 19 16:39:04 KST 2020]; root of context hierarchy
[2020-06-19 16:39:04] INFO : AbstractUrlHandlerMapping.java:362 - Mapped URL path [/resources/**] onto handler 'org.springframework.web.servlet.resource.ResourceHttpRequestHandler#0'
[2020-06-19 16:39:04] INFO : EmbeddedDatabaseFactory.java:185 - Starting embedded database: url='jdbc:hsqldb:mem:dataSource', username='sa'
[2020-06-19 16:39:04] DEBUG: DataSourceUtils.java:110 - Fetching JDBC Connection from DataSource
[2020-06-19 16:39:04] DEBUG: SimpleDriverDataSource.java:138 - Creating new JDBC Driver Connection to [jdbc:hsqldb:mem:dataSource]
[2020-06-19 16:39:04] INFO : ScriptUtils.java:443 - Executing SQL script from class path resource [db/edu_hsql.sql]
[2020-06-19 16:39:04] DEBUG: ScriptUtils.java:475 - 0 returned as update count for SQL: CREATE MEMORY TABLE tbl_attach(full_name varchar(150) NOT NULL PRIMARY KEY,bno INTEGER NOT NULL,regdate timestamp DEFAULT CURRENT_TIMESTAMP)
[2020-06-19 16:39:04] DEBUG: ScriptUtils.java:475 - 0 returned as update count for SQL: CREATE MEMORY TABLE tbl_board(bno INTEGER GENERATED BY DEFAULT AS IDENTITY PRIMARY KEY,title varchar(200) NOT NULL,content VARCHAR(2400),writer varchar(50) NOT NULL,regdate timestamp DEFAULT CURRENT_TIMESTAMP,update_date timestamp DEFAULT CURRENT_TIMESTAMP,view_count INTEGER DEFAULT 0,reply_count INTEGER DEFAULT 0)
[2020-06-19 16:39:04] DEBUG: ScriptUtils.java:475 - 5 returned as update count for SQL: INSERT INTO tbl_board(bno, title, content, writer, regdate, update_date, view_count, reply_count) VALUES(1, '수정된 글입니다.', '수정 테스트 ', 'user00', '2019-10-10 03:20:01', '2019-10-10 03:20:01', 0, 1),(2, '새로운 글을 넣습니다. ', '새로운 글을 넣습니다. ', 'user00', '2019-10-10 03:25:36', '2019-10-10 03:25:36', 0, 0),(3, '새로운 글을 넣습니다. ', '새로운 글을 넣습니다. ', 'user00', '2019-10-10 03:25:36', '2019-10-10 03:25:36', 0, 0),(4, '새로운 글을 넣습니다. ', '새로운 글을 넣습니다. ', 'user00', '2019-10-10 03:26:56', '2019-10-10 03:26:56', 0, 0),(5, '새로운 글을 넣습니다. ', '새로운 글을 넣습니다. ', 'user00', '2019-10-10 03:26:56', '2019-10-10 03:26:56', 0, 0)
[2020-06-19 16:39:04] DEBUG: ScriptUtils.java:475 - 0 returned as update count for SQL: CREATE MEMORY TABLE tbl_member(user_id varchar(50) NOT NULL PRIMARY KEY,user_pw varchar(255) NOT NULL,user_name varchar(50) NOT NULL,email varchar(100) DEFAULT NULL,point INTEGER DEFAULT 0,enabled NUMERIC(1) DEFAULT 0,levels varchar(50) DEFAULT 'ROLE_USER',reg_date timestamp DEFAULT CURRENT_TIMESTAMP,update_date timestamp DEFAULT CURRENT_TIMESTAMP)
[2020-06-19 16:39:04] DEBUG: ScriptUtils.java:475 - 1 returned as update count for SQL: INSERT INTO tbl_member(user_id, user_pw, user_name, email, point, enabled, levels, reg_date, update_date) VALUES('user02', '$2a$10$kIqR/PTloYan/MRNiEsy6uYO6OCHVmAKR4kflVKQkJ345nqTiuGeO', 'user02', 'user02@edu.com', 0, 1, 'ROLE_ADMIN', '2019-10-15 10:41:44', '2019-10-15 10:41:44')
[2020-06-19 16:39:04] DEBUG: ScriptUtils.java:475 - 0 returned as update count for SQL: CREATE MEMORY TABLE tbl_reply(rno INTEGER GENERATED BY DEFAULT AS IDENTITY PRIMARY KEY,bno INTEGER DEFAULT 0,replytext varchar(1000) NOT NULL,replyer varchar(50) NOT NULL,regdate timestamp DEFAULT CURRENT_TIMESTAMP,update_date timestamp DEFAULT CURRENT_TIMESTAMP)
[2020-06-19 16:39:04] DEBUG: ScriptUtils.java:475 - 1 returned as update count for SQL: INSERT INTO tbl_reply(rno, bno, replytext, replyer, regdate, update_date) VALUES(1, 1, '1:댓글을 수정   MOD', 'user02', '2019-10-17 02:39:01', '2019-10-18 01:52:51')
[2020-06-19 16:39:04] DEBUG: ScriptUtils.java:475 - 0 returned as update count for SQL: ALTER TABLE tbl_attach ADD CONSTRAINT fk_board_attach FOREIGN KEY (bno) REFERENCES tbl_board (bno)
[2020-06-19 16:39:04] DEBUG: ScriptUtils.java:475 - 0 returned as update count for SQL: ALTER TABLE tbl_reply ADD CONSTRAINT fk_board FOREIGN KEY (bno) REFERENCES tbl_board (bno)
[2020-06-19 16:39:04] INFO : ScriptUtils.java:509 - Executed SQL script from class path resource [db/edu_hsql.sql] in 0 ms.
[2020-06-19 16:39:05] DEBUG: DefaultCacheAwareContextLoaderDelegate.java:118 - Storing ApplicationContext in cache under key [[WebMergedContextConfiguration@1d057a39 testClass = DataSourceTest, locations = '{file:src/main/webapp/WEB-INF/spring/**/*.xml}', classes = '{}', contextInitializerClasses = '[]', activeProfiles = '{}', propertySourceLocations = '{}', propertySourceProperties = '{}', contextCustomizers = set[[empty]], resourceBasePath = 'src/main/webapp', contextLoader = 'org.springframework.test.context.web.WebDelegatingSmartContextLoader', parent = [null]]]
[2020-06-19 16:39:05] DEBUG: DefaultContextCache.java:290 - Spring test ApplicationContext cache statistics: [DefaultContextCache@6fb365ed size = 1, maxSize = 32, parentContextCount = 0, hitCount = 0, missCount = 1]
[2020-06-19 16:39:05] DEBUG: ServletTestExecutionListener.java:201 - Setting up MockHttpServletRequest, MockHttpServletResponse, ServletWebRequest, and RequestContextHolder for test context [DefaultTestContext@475530b9 testClass = DataSourceTest, testInstance = org.edu.test.DataSourceTest@16414e40, testMethod = [null], testException = [null], mergedContextConfiguration = [WebMergedContextConfiguration@1d057a39 testClass = DataSourceTest, locations = '{file:src/main/webapp/WEB-INF/spring/**/*.xml}', classes = '{}', contextInitializerClasses = '[]', activeProfiles = '{}', propertySourceLocations = '{}', propertySourceProperties = '{}', contextCustomizers = set[[empty]], resourceBasePath = 'src/main/webapp', contextLoader = 'org.springframework.test.context.web.WebDelegatingSmartContextLoader', parent = [null]]].
[2020-06-19 16:39:05] DEBUG: DependencyInjectionTestExecutionListener.java:81 - Performing dependency injection for test context [[DefaultTestContext@475530b9 testClass = DataSourceTest, testInstance = org.edu.test.DataSourceTest@16414e40, testMethod = [null], testException = [null], mergedContextConfiguration = [WebMergedContextConfiguration@1d057a39 testClass = DataSourceTest, locations = '{file:src/main/webapp/WEB-INF/spring/**/*.xml}', classes = '{}', contextInitializerClasses = '[]', activeProfiles = '{}', propertySourceLocations = '{}', propertySourceProperties = '{}', contextCustomizers = set[[empty]], resourceBasePath = 'src/main/webapp', contextLoader = 'org.springframework.test.context.web.WebDelegatingSmartContextLoader', parent = [null]]]].
[2020-06-19 16:39:05] DEBUG: DefaultCacheAwareContextLoaderDelegate.java:129 - Retrieved ApplicationContext from cache with key [[WebMergedContextConfiguration@1d057a39 testClass = DataSourceTest, locations = '{file:src/main/webapp/WEB-INF/spring/**/*.xml}', classes = '{}', contextInitializerClasses = '[]', activeProfiles = '{}', propertySourceLocations = '{}', propertySourceProperties = '{}', contextCustomizers = set[[empty]], resourceBasePath = 'src/main/webapp', contextLoader = 'org.springframework.test.context.web.WebDelegatingSmartContextLoader', parent = [null]]]
[2020-06-19 16:39:05] DEBUG: DefaultContextCache.java:290 - Spring test ApplicationContext cache statistics: [DefaultContextCache@6fb365ed size = 1, maxSize = 32, parentContextCount = 0, hitCount = 1, missCount = 1]
[2020-06-19 16:39:05] DEBUG: AbstractDirtiesContextTestExecutionListener.java:106 - Before test method: context [DefaultTestContext@475530b9 testClass = DataSourceTest, testInstance = org.edu.test.DataSourceTest@16414e40, testMethod = testConnection@DataSourceTest, testException = [null], mergedContextConfiguration = [WebMergedContextConfiguration@1d057a39 testClass = DataSourceTest, locations = '{file:src/main/webapp/WEB-INF/spring/**/*.xml}', classes = '{}', contextInitializerClasses = '[]', activeProfiles = '{}', propertySourceLocations = '{}', propertySourceProperties = '{}', contextCustomizers = set[[empty]], resourceBasePath = 'src/main/webapp', contextLoader = 'org.springframework.test.context.web.WebDelegatingSmartContextLoader', parent = [null]]], class annotated with @DirtiesContext [false] with mode [null], method annotated with @DirtiesContext [false] with mode [null].
[2020-06-19 16:39:05] DEBUG: SimpleDriverDataSource.java:138 - Creating new JDBC Driver Connection to [jdbc:hsqldb:mem:dataSource]
[2020-06-19 16:39:05] DEBUG: AbstractDirtiesContextTestExecutionListener.java:106 - After test method: context [DefaultTestContext@475530b9 testClass = DataSourceTest, testInstance = org.edu.test.DataSourceTest@16414e40, testMethod = testConnection@DataSourceTest, testException = [null], mergedContextConfiguration = [WebMergedContextConfiguration@1d057a39 testClass = DataSourceTest, locations = '{file:src/main/webapp/WEB-INF/spring/**/*.xml}', classes = '{}', contextInitializerClasses = '[]', activeProfiles = '{}', propertySourceLocations = '{}', propertySourceProperties = '{}', contextCustomizers = set[[empty]], resourceBasePath = 'src/main/webapp', contextLoader = 'org.springframework.test.context.web.WebDelegatingSmartContextLoader', parent = [null]]], class annotated with @DirtiesContext [false] with mode [null], method annotated with @DirtiesContext [false] with mode [null].
[2020-06-19 16:39:05] DEBUG: ServletTestExecutionListener.java:165 - Resetting RequestContextHolder for test context [DefaultTestContext@475530b9 testClass = DataSourceTest, testInstance = org.edu.test.DataSourceTest@16414e40, testMethod = testConnection@DataSourceTest, testException = [null], mergedContextConfiguration = [WebMergedContextConfiguration@1d057a39 testClass = DataSourceTest, locations = '{file:src/main/webapp/WEB-INF/spring/**/*.xml}', classes = '{}', contextInitializerClasses = '[]', activeProfiles = '{}', propertySourceLocations = '{}', propertySourceProperties = '{}', contextCustomizers = set[[empty]], resourceBasePath = 'src/main/webapp', contextLoader = 'org.springframework.test.context.web.WebDelegatingSmartContextLoader', parent = [null]]].
[2020-06-19 16:39:05] DEBUG: AbstractDirtiesContextTestExecutionListener.java:141 - After test class: context [DefaultTestContext@475530b9 testClass = DataSourceTest, testInstance = [null], testMethod = [null], testException = [null], mergedContextConfiguration = [WebMergedContextConfiguration@1d057a39 testClass = DataSourceTest, locations = '{file:src/main/webapp/WEB-INF/spring/**/*.xml}', classes = '{}', contextInitializerClasses = '[]', activeProfiles = '{}', propertySourceLocations = '{}', propertySourceProperties = '{}', contextCustomizers = set[[empty]], resourceBasePath = 'src/main/webapp', contextLoader = 'org.springframework.test.context.web.WebDelegatingSmartContextLoader', parent = [null]]], class annotated with @DirtiesContext [false] with mode [null].
[2020-06-19 16:39:05] INFO : AbstractApplicationContext.java:984 - Closing org.springframework.web.context.support.GenericWebApplicationContext@2f686d1f: startup date [Fri Jun 19 16:39:04 KST 2020]; root of context hierarchy
[2020-06-19 16:39:05] DEBUG: DataSourceUtils.java:110 - Fetching JDBC Connection from DataSource
[2020-06-19 16:39:05] DEBUG: SimpleDriverDataSource.java:138 - Creating new JDBC Driver Connection to [jdbc:hsqldb:mem:dataSource]
[2020-06-19 16:39:05] INFO : EmbeddedDatabaseFactory.java:216 - Shutting down embedded database: url='jdbc:hsqldb:mem:dataSource'
[2020-06-19 16:39:05] DEBUG: SimpleDriverDataSource.java:138 - Creating new JDBC Driver Connection to [jdbc:hsqldb:mem:dataSource]
[2020-06-19 17:35:32] DEBUG: SpringJUnit4ClassRunner.java:140 - SpringJUnit4ClassRunner constructor called with [class org.edu.test.DataSourceTest]
[2020-06-19 17:35:32] DEBUG: BootstrapUtils.java:95 - Instantiating CacheAwareContextLoaderDelegate from class [org.springframework.test.context.cache.DefaultCacheAwareContextLoaderDelegate]
[2020-06-19 17:35:32] DEBUG: BootstrapUtils.java:78 - Instantiating BootstrapContext using constructor [public org.springframework.test.context.support.DefaultBootstrapContext(java.lang.Class,org.springframework.test.context.CacheAwareContextLoaderDelegate)]
[2020-06-19 17:35:32] DEBUG: BootstrapUtils.java:131 - Instantiating TestContextBootstrapper for test class [org.edu.test.DataSourceTest] from class [org.springframework.test.context.web.WebTestContextBootstrapper]
[2020-06-19 17:35:32] DEBUG: AbstractDelegatingSmartContextLoader.java:269 - Delegating to GenericXmlWebContextLoader to process context configuration [ContextConfigurationAttributes@96532d6 declaringClass = 'org.edu.test.DataSourceTest', classes = '{}', locations = '{file:src/main/webapp/WEB-INF/spring/**/*.xml}', inheritLocations = true, initializers = '{}', inheritInitializers = true, name = [null], contextLoaderClass = 'org.springframework.test.context.ContextLoader'].
[2020-06-19 17:35:32] DEBUG: ActiveProfilesUtils.java:78 - Could not find an 'annotation declaring class' for annotation type [org.springframework.test.context.ActiveProfiles] and class [org.edu.test.DataSourceTest]
[2020-06-19 17:35:32] DEBUG: AbstractTestContextBootstrapper.java:122 - @TestExecutionListeners is not present for class [org.edu.test.DataSourceTest]: using defaults.
[2020-06-19 17:35:32] INFO : AbstractTestContextBootstrapper.java:248 - Loaded default TestExecutionListener class names from location [META-INF/spring.factories]: [org.springframework.test.context.web.ServletTestExecutionListener, org.springframework.test.context.support.DirtiesContextBeforeModesTestExecutionListener, org.springframework.test.context.support.DependencyInjectionTestExecutionListener, org.springframework.test.context.support.DirtiesContextTestExecutionListener, org.springframework.test.context.transaction.TransactionalTestExecutionListener, org.springframework.test.context.jdbc.SqlScriptsTestExecutionListener]
[2020-06-19 17:35:32] INFO : AbstractTestContextBootstrapper.java:174 - Using TestExecutionListeners: [org.springframework.test.context.web.ServletTestExecutionListener@6cc4c815, org.springframework.test.context.support.DirtiesContextBeforeModesTestExecutionListener@3a82f6ef, org.springframework.test.context.support.DependencyInjectionTestExecutionListener@100fc185, org.springframework.test.context.support.DirtiesContextTestExecutionListener@643b1d11, org.springframework.test.context.transaction.TransactionalTestExecutionListener@2ef5e5e3, org.springframework.test.context.jdbc.SqlScriptsTestExecutionListener@36d4b5c]
[2020-06-19 17:35:32] DEBUG: ProfileValueUtils.java:68 - Retrieved @ProfileValueSourceConfiguration [null] for test class [org.edu.test.DataSourceTest]
[2020-06-19 17:35:32] DEBUG: ProfileValueUtils.java:80 - Retrieved ProfileValueSource type [class org.springframework.test.annotation.SystemProfileValueSource] for class [org.edu.test.DataSourceTest]
[2020-06-19 17:35:32] DEBUG: ProfileValueUtils.java:68 - Retrieved @ProfileValueSourceConfiguration [null] for test class [org.edu.test.DataSourceTest]
[2020-06-19 17:35:32] DEBUG: ProfileValueUtils.java:80 - Retrieved ProfileValueSource type [class org.springframework.test.annotation.SystemProfileValueSource] for class [org.edu.test.DataSourceTest]
[2020-06-19 17:35:32] DEBUG: ProfileValueUtils.java:68 - Retrieved @ProfileValueSourceConfiguration [null] for test class [org.edu.test.DataSourceTest]
[2020-06-19 17:35:32] DEBUG: ProfileValueUtils.java:80 - Retrieved ProfileValueSource type [class org.springframework.test.annotation.SystemProfileValueSource] for class [org.edu.test.DataSourceTest]
[2020-06-19 17:35:32] DEBUG: ProfileValueUtils.java:68 - Retrieved @ProfileValueSourceConfiguration [null] for test class [org.edu.test.DataSourceTest]
[2020-06-19 17:35:32] DEBUG: ProfileValueUtils.java:80 - Retrieved ProfileValueSource type [class org.springframework.test.annotation.SystemProfileValueSource] for class [org.edu.test.DataSourceTest]
[2020-06-19 17:35:32] DEBUG: ProfileValueUtils.java:68 - Retrieved @ProfileValueSourceConfiguration [null] for test class [org.edu.test.DataSourceTest]
[2020-06-19 17:35:32] DEBUG: ProfileValueUtils.java:80 - Retrieved ProfileValueSource type [class org.springframework.test.annotation.SystemProfileValueSource] for class [org.edu.test.DataSourceTest]
[2020-06-19 17:35:32] DEBUG: AbstractDirtiesContextTestExecutionListener.java:141 - Before test class: context [DefaultTestContext@59fa1d9b testClass = DataSourceTest, testInstance = [null], testMethod = [null], testException = [null], mergedContextConfiguration = [WebMergedContextConfiguration@28d25987 testClass = DataSourceTest, locations = '{file:src/main/webapp/WEB-INF/spring/**/*.xml}', classes = '{}', contextInitializerClasses = '[]', activeProfiles = '{}', propertySourceLocations = '{}', propertySourceProperties = '{}', contextCustomizers = set[[empty]], resourceBasePath = 'src/main/webapp', contextLoader = 'org.springframework.test.context.web.WebDelegatingSmartContextLoader', parent = [null]]], class annotated with @DirtiesContext [false] with mode [null].
[2020-06-19 17:35:32] DEBUG: ProfileValueUtils.java:68 - Retrieved @ProfileValueSourceConfiguration [null] for test class [org.edu.test.DataSourceTest]
[2020-06-19 17:35:32] DEBUG: ProfileValueUtils.java:80 - Retrieved ProfileValueSource type [class org.springframework.test.annotation.SystemProfileValueSource] for class [org.edu.test.DataSourceTest]
[2020-06-19 17:35:32] DEBUG: AbstractDelegatingSmartContextLoader.java:279 - Delegating to GenericXmlWebContextLoader to load context from [WebMergedContextConfiguration@28d25987 testClass = DataSourceTest, locations = '{file:src/main/webapp/WEB-INF/spring/**/*.xml}', classes = '{}', contextInitializerClasses = '[]', activeProfiles = '{}', propertySourceLocations = '{}', propertySourceProperties = '{}', contextCustomizers = set[[empty]], resourceBasePath = 'src/main/webapp', contextLoader = 'org.springframework.test.context.web.WebDelegatingSmartContextLoader', parent = [null]].
[2020-06-19 17:35:32] DEBUG: AbstractGenericWebContextLoader.java:112 - Loading WebApplicationContext for merged context configuration [WebMergedContextConfiguration@28d25987 testClass = DataSourceTest, locations = '{file:src/main/webapp/WEB-INF/spring/**/*.xml}', classes = '{}', contextInitializerClasses = '[]', activeProfiles = '{}', propertySourceLocations = '{}', propertySourceProperties = '{}', contextCustomizers = set[[empty]], resourceBasePath = 'src/main/webapp', contextLoader = 'org.springframework.test.context.web.WebDelegatingSmartContextLoader', parent = [null]].
[2020-06-19 17:35:32] INFO : XmlBeanDefinitionReader.java:317 - Loading XML bean definitions from file [C:\egov\workspace\simon\src\main\webapp\WEB-INF\spring\appServlet\servlet-context.xml]
[2020-06-19 17:35:33] INFO : XmlBeanDefinitionReader.java:317 - Loading XML bean definitions from file [C:\egov\workspace\simon\src\main\webapp\WEB-INF\spring\root-context.xml]
[2020-06-19 17:35:33] INFO : AbstractApplicationContext.java:583 - Refreshing org.springframework.web.context.support.GenericWebApplicationContext@e45f292: startup date [Fri Jun 19 17:35:33 KST 2020]; root of context hierarchy
[2020-06-19 17:35:33] INFO : AutowiredAnnotationBeanPostProcessor.java:155 - JSR-330 'javax.inject.Inject' annotation found and supported for autowiring
[2020-06-19 17:35:33] DEBUG: UiApplicationContextUtils.java:85 - Unable to locate ThemeSource with name 'themeSource': using default [org.springframework.ui.context.support.ResourceBundleThemeSource@41e1e210]
[2020-06-19 17:35:33] INFO : AbstractHandlerMethodMapping.java:544 - Mapped "{[/],methods=[GET]}" onto public java.lang.String org.edu.controller.HomeController.home(java.util.Locale,org.springframework.ui.Model)
[2020-06-19 17:35:33] INFO : AbstractHandlerMethodMapping.java:544 - Mapped "{[/sample/work],methods=[GET]}" onto public java.lang.String org.edu.controller.HomeController.work(java.util.Locale,org.springframework.ui.Model)
[2020-06-19 17:35:33] INFO : AbstractHandlerMethodMapping.java:544 - Mapped "{[/sample/weare],methods=[GET]}" onto public java.lang.String org.edu.controller.HomeController.weare(java.util.Locale,org.springframework.ui.Model)
[2020-06-19 17:35:33] INFO : AbstractHandlerMethodMapping.java:544 - Mapped "{[/sample/contactus],methods=[GET]}" onto public java.lang.String org.edu.controller.HomeController.contactus(java.util.Locale,org.springframework.ui.Model)
[2020-06-19 17:35:33] INFO : AbstractHandlerMethodMapping.java:544 - Mapped "{[/sample/blog],methods=[GET]}" onto public java.lang.String org.edu.controller.HomeController.blog(java.util.Locale,org.springframework.ui.Model)
[2020-06-19 17:35:33] INFO : AbstractHandlerMethodMapping.java:544 - Mapped "{[/sample/htmltest],methods=[GET]}" onto public java.lang.String org.edu.controller.HomeController.htmltest(java.util.Locale,org.springframework.ui.Model)
[2020-06-19 17:35:33] INFO : AbstractHandlerMethodMapping.java:544 - Mapped "{[/sample/slide],methods=[GET]}" onto public java.lang.String org.edu.controller.HomeController.slide(java.util.Locale,org.springframework.ui.Model)
[2020-06-19 17:35:33] INFO : AbstractHandlerMethodMapping.java:544 - Mapped "{[/sample/],methods=[GET]}" onto public java.lang.String org.edu.controller.HomeController.sample(java.util.Locale,org.springframework.ui.Model)
[2020-06-19 17:35:33] INFO : RequestMappingHandlerAdapter.java:556 - Looking for @ControllerAdvice: org.springframework.web.context.support.GenericWebApplicationContext@e45f292: startup date [Fri Jun 19 17:35:33 KST 2020]; root of context hierarchy
[2020-06-19 17:35:33] INFO : RequestMappingHandlerAdapter.java:556 - Looking for @ControllerAdvice: org.springframework.web.context.support.GenericWebApplicationContext@e45f292: startup date [Fri Jun 19 17:35:33 KST 2020]; root of context hierarchy
[2020-06-19 17:35:33] INFO : AbstractUrlHandlerMapping.java:362 - Mapped URL path [/resources/**] onto handler 'org.springframework.web.servlet.resource.ResourceHttpRequestHandler#0'
[2020-06-19 17:35:33] INFO : EmbeddedDatabaseFactory.java:185 - Starting embedded database: url='jdbc:hsqldb:mem:dataSource', username='sa'
[2020-06-19 17:35:33] DEBUG: DataSourceUtils.java:110 - Fetching JDBC Connection from DataSource
[2020-06-19 17:35:33] DEBUG: SimpleDriverDataSource.java:138 - Creating new JDBC Driver Connection to [jdbc:hsqldb:mem:dataSource]
[2020-06-19 17:35:34] INFO : ScriptUtils.java:443 - Executing SQL script from class path resource [db/edu_hsql.sql]
[2020-06-19 17:35:34] DEBUG: ScriptUtils.java:475 - 0 returned as update count for SQL: CREATE MEMORY TABLE tbl_attach(full_name varchar(150) NOT NULL PRIMARY KEY,bno INTEGER NOT NULL,regdate timestamp DEFAULT CURRENT_TIMESTAMP)
[2020-06-19 17:35:34] DEBUG: ScriptUtils.java:475 - 0 returned as update count for SQL: CREATE MEMORY TABLE tbl_board(bno INTEGER GENERATED BY DEFAULT AS IDENTITY PRIMARY KEY,title varchar(200) NOT NULL,content VARCHAR(2400),writer varchar(50) NOT NULL,regdate timestamp DEFAULT CURRENT_TIMESTAMP,update_date timestamp DEFAULT CURRENT_TIMESTAMP,view_count INTEGER DEFAULT 0,reply_count INTEGER DEFAULT 0)
[2020-06-19 17:35:34] DEBUG: ScriptUtils.java:475 - 5 returned as update count for SQL: INSERT INTO tbl_board(bno, title, content, writer, regdate, update_date, view_count, reply_count) VALUES(1, '수정된 글입니다.', '수정 테스트 ', 'user00', '2019-10-10 03:20:01', '2019-10-10 03:20:01', 0, 1),(2, '새로운 글을 넣습니다. ', '새로운 글을 넣습니다. ', 'user00', '2019-10-10 03:25:36', '2019-10-10 03:25:36', 0, 0),(3, '새로운 글을 넣습니다. ', '새로운 글을 넣습니다. ', 'user00', '2019-10-10 03:25:36', '2019-10-10 03:25:36', 0, 0),(4, '새로운 글을 넣습니다. ', '새로운 글을 넣습니다. ', 'user00', '2019-10-10 03:26:56', '2019-10-10 03:26:56', 0, 0),(5, '새로운 글을 넣습니다. ', '새로운 글을 넣습니다. ', 'user00', '2019-10-10 03:26:56', '2019-10-10 03:26:56', 0, 0)
[2020-06-19 17:35:34] DEBUG: ScriptUtils.java:475 - 0 returned as update count for SQL: CREATE MEMORY TABLE tbl_member(user_id varchar(50) NOT NULL PRIMARY KEY,user_pw varchar(255) NOT NULL,user_name varchar(50) NOT NULL,email varchar(100) DEFAULT NULL,point INTEGER DEFAULT 0,enabled NUMERIC(1) DEFAULT 0,levels varchar(50) DEFAULT 'ROLE_USER',reg_date timestamp DEFAULT CURRENT_TIMESTAMP,update_date timestamp DEFAULT CURRENT_TIMESTAMP)
[2020-06-19 17:35:34] DEBUG: ScriptUtils.java:475 - 1 returned as update count for SQL: INSERT INTO tbl_member(user_id, user_pw, user_name, email, point, enabled, levels, reg_date, update_date) VALUES('user02', '$2a$10$kIqR/PTloYan/MRNiEsy6uYO6OCHVmAKR4kflVKQkJ345nqTiuGeO', 'user02', 'user02@edu.com', 0, 1, 'ROLE_ADMIN', '2019-10-15 10:41:44', '2019-10-15 10:41:44')
[2020-06-19 17:35:34] DEBUG: ScriptUtils.java:475 - 0 returned as update count for SQL: CREATE MEMORY TABLE tbl_reply(rno INTEGER GENERATED BY DEFAULT AS IDENTITY PRIMARY KEY,bno INTEGER DEFAULT 0,replytext varchar(1000) NOT NULL,replyer varchar(50) NOT NULL,regdate timestamp DEFAULT CURRENT_TIMESTAMP,update_date timestamp DEFAULT CURRENT_TIMESTAMP)
[2020-06-19 17:35:34] DEBUG: ScriptUtils.java:475 - 1 returned as update count for SQL: INSERT INTO tbl_reply(rno, bno, replytext, replyer, regdate, update_date) VALUES(1, 1, '1:댓글을 수정   MOD', 'user02', '2019-10-17 02:39:01', '2019-10-18 01:52:51')
[2020-06-19 17:35:34] DEBUG: ScriptUtils.java:475 - 0 returned as update count for SQL: ALTER TABLE tbl_attach ADD CONSTRAINT fk_board_attach FOREIGN KEY (bno) REFERENCES tbl_board (bno)
[2020-06-19 17:35:34] DEBUG: ScriptUtils.java:475 - 0 returned as update count for SQL: ALTER TABLE tbl_reply ADD CONSTRAINT fk_board FOREIGN KEY (bno) REFERENCES tbl_board (bno)
[2020-06-19 17:35:34] INFO : ScriptUtils.java:509 - Executed SQL script from class path resource [db/edu_hsql.sql] in 18 ms.
[2020-06-19 17:35:34] DEBUG: DefaultCacheAwareContextLoaderDelegate.java:118 - Storing ApplicationContext in cache under key [[WebMergedContextConfiguration@28d25987 testClass = DataSourceTest, locations = '{file:src/main/webapp/WEB-INF/spring/**/*.xml}', classes = '{}', contextInitializerClasses = '[]', activeProfiles = '{}', propertySourceLocations = '{}', propertySourceProperties = '{}', contextCustomizers = set[[empty]], resourceBasePath = 'src/main/webapp', contextLoader = 'org.springframework.test.context.web.WebDelegatingSmartContextLoader', parent = [null]]]
[2020-06-19 17:35:34] DEBUG: DefaultContextCache.java:290 - Spring test ApplicationContext cache statistics: [DefaultContextCache@6ad3381f size = 1, maxSize = 32, parentContextCount = 0, hitCount = 0, missCount = 1]
[2020-06-19 17:35:34] DEBUG: ServletTestExecutionListener.java:201 - Setting up MockHttpServletRequest, MockHttpServletResponse, ServletWebRequest, and RequestContextHolder for test context [DefaultTestContext@59fa1d9b testClass = DataSourceTest, testInstance = org.edu.test.DataSourceTest@db57326, testMethod = [null], testException = [null], mergedContextConfiguration = [WebMergedContextConfiguration@28d25987 testClass = DataSourceTest, locations = '{file:src/main/webapp/WEB-INF/spring/**/*.xml}', classes = '{}', contextInitializerClasses = '[]', activeProfiles = '{}', propertySourceLocations = '{}', propertySourceProperties = '{}', contextCustomizers = set[[empty]], resourceBasePath = 'src/main/webapp', contextLoader = 'org.springframework.test.context.web.WebDelegatingSmartContextLoader', parent = [null]]].
[2020-06-19 17:35:34] DEBUG: DependencyInjectionTestExecutionListener.java:81 - Performing dependency injection for test context [[DefaultTestContext@59fa1d9b testClass = DataSourceTest, testInstance = org.edu.test.DataSourceTest@db57326, testMethod = [null], testException = [null], mergedContextConfiguration = [WebMergedContextConfiguration@28d25987 testClass = DataSourceTest, locations = '{file:src/main/webapp/WEB-INF/spring/**/*.xml}', classes = '{}', contextInitializerClasses = '[]', activeProfiles = '{}', propertySourceLocations = '{}', propertySourceProperties = '{}', contextCustomizers = set[[empty]], resourceBasePath = 'src/main/webapp', contextLoader = 'org.springframework.test.context.web.WebDelegatingSmartContextLoader', parent = [null]]]].
[2020-06-19 17:35:34] DEBUG: DefaultCacheAwareContextLoaderDelegate.java:129 - Retrieved ApplicationContext from cache with key [[WebMergedContextConfiguration@28d25987 testClass = DataSourceTest, locations = '{file:src/main/webapp/WEB-INF/spring/**/*.xml}', classes = '{}', contextInitializerClasses = '[]', activeProfiles = '{}', propertySourceLocations = '{}', propertySourceProperties = '{}', contextCustomizers = set[[empty]], resourceBasePath = 'src/main/webapp', contextLoader = 'org.springframework.test.context.web.WebDelegatingSmartContextLoader', parent = [null]]]
[2020-06-19 17:35:34] DEBUG: DefaultContextCache.java:290 - Spring test ApplicationContext cache statistics: [DefaultContextCache@6ad3381f size = 1, maxSize = 32, parentContextCount = 0, hitCount = 1, missCount = 1]
[2020-06-19 17:35:34] DEBUG: AbstractDirtiesContextTestExecutionListener.java:106 - Before test method: context [DefaultTestContext@59fa1d9b testClass = DataSourceTest, testInstance = org.edu.test.DataSourceTest@db57326, testMethod = testConnection@DataSourceTest, testException = [null], mergedContextConfiguration = [WebMergedContextConfiguration@28d25987 testClass = DataSourceTest, locations = '{file:src/main/webapp/WEB-INF/spring/**/*.xml}', classes = '{}', contextInitializerClasses = '[]', activeProfiles = '{}', propertySourceLocations = '{}', propertySourceProperties = '{}', contextCustomizers = set[[empty]], resourceBasePath = 'src/main/webapp', contextLoader = 'org.springframework.test.context.web.WebDelegatingSmartContextLoader', parent = [null]]], class annotated with @DirtiesContext [false] with mode [null], method annotated with @DirtiesContext [false] with mode [null].
[2020-06-19 17:35:34] DEBUG: SimpleDriverDataSource.java:138 - Creating new JDBC Driver Connection to [jdbc:hsqldb:mem:dataSource]
[2020-06-19 17:35:34] DEBUG: AbstractDirtiesContextTestExecutionListener.java:106 - After test method: context [DefaultTestContext@59fa1d9b testClass = DataSourceTest, testInstance = org.edu.test.DataSourceTest@db57326, testMethod = testConnection@DataSourceTest, testException = [null], mergedContextConfiguration = [WebMergedContextConfiguration@28d25987 testClass = DataSourceTest, locations = '{file:src/main/webapp/WEB-INF/spring/**/*.xml}', classes = '{}', contextInitializerClasses = '[]', activeProfiles = '{}', propertySourceLocations = '{}', propertySourceProperties = '{}', contextCustomizers = set[[empty]], resourceBasePath = 'src/main/webapp', contextLoader = 'org.springframework.test.context.web.WebDelegatingSmartContextLoader', parent = [null]]], class annotated with @DirtiesContext [false] with mode [null], method annotated with @DirtiesContext [false] with mode [null].
[2020-06-19 17:35:34] DEBUG: ServletTestExecutionListener.java:165 - Resetting RequestContextHolder for test context [DefaultTestContext@59fa1d9b testClass = DataSourceTest, testInstance = org.edu.test.DataSourceTest@db57326, testMethod = testConnection@DataSourceTest, testException = [null], mergedContextConfiguration = [WebMergedContextConfiguration@28d25987 testClass = DataSourceTest, locations = '{file:src/main/webapp/WEB-INF/spring/**/*.xml}', classes = '{}', contextInitializerClasses = '[]', activeProfiles = '{}', propertySourceLocations = '{}', propertySourceProperties = '{}', contextCustomizers = set[[empty]], resourceBasePath = 'src/main/webapp', contextLoader = 'org.springframework.test.context.web.WebDelegatingSmartContextLoader', parent = [null]]].
[2020-06-19 17:35:34] DEBUG: AbstractDirtiesContextTestExecutionListener.java:141 - After test class: context [DefaultTestContext@59fa1d9b testClass = DataSourceTest, testInstance = [null], testMethod = [null], testException = [null], mergedContextConfiguration = [WebMergedContextConfiguration@28d25987 testClass = DataSourceTest, locations = '{file:src/main/webapp/WEB-INF/spring/**/*.xml}', classes = '{}', contextInitializerClasses = '[]', activeProfiles = '{}', propertySourceLocations = '{}', propertySourceProperties = '{}', contextCustomizers = set[[empty]], resourceBasePath = 'src/main/webapp', contextLoader = 'org.springframework.test.context.web.WebDelegatingSmartContextLoader', parent = [null]]], class annotated with @DirtiesContext [false] with mode [null].
[2020-06-19 17:35:34] INFO : AbstractApplicationContext.java:984 - Closing org.springframework.web.context.support.GenericWebApplicationContext@e45f292: startup date [Fri Jun 19 17:35:33 KST 2020]; root of context hierarchy
[2020-06-19 17:35:34] DEBUG: DataSourceUtils.java:110 - Fetching JDBC Connection from DataSource
[2020-06-19 17:35:34] DEBUG: SimpleDriverDataSource.java:138 - Creating new JDBC Driver Connection to [jdbc:hsqldb:mem:dataSource]
[2020-06-19 17:35:34] INFO : EmbeddedDatabaseFactory.java:216 - Shutting down embedded database: url='jdbc:hsqldb:mem:dataSource'
[2020-06-19 17:35:34] DEBUG: SimpleDriverDataSource.java:138 - Creating new JDBC Driver Connection to [jdbc:hsqldb:mem:dataSource]
